
(xfce4-panel:197421): garcon-CRITICAL **: 16:50:14.784: garcon_menu_item_get_actions: assertion 'GARCON_IS_MENU_ITEM (item)' failed

(xfce4-panel:197421): garcon-CRITICAL **: 16:50:14.784: garcon_gtk_menu_get_desktop_actions_menu: assertion 'actions != NULL' failed

(xfce4-panel:197421): garcon-CRITICAL **: 16:50:14.786: garcon_menu_item_get_actions: assertion 'GARCON_IS_MENU_ITEM (item)' failed

(xfce4-panel:197421): garcon-CRITICAL **: 16:50:14.786: garcon_gtk_menu_get_desktop_actions_menu: assertion 'actions != NULL' failed

(wrapper-2.0:197427): libnotify-WARNING **: 16:50:14.853: Failed to connect to proxy

(wrapper-2.0:197427): Gtk-WARNING **: 16:50:14.874: Negative content width -1 (allocation 1, extents 1x1) while allocating gadget (node button, owner PulseaudioButton)

(xfce4-panel:197434): garcon-CRITICAL **: 16:50:21.202: garcon_menu_item_get_actions: assertion 'GARCON_IS_MENU_ITEM (item)' failed

(xfce4-panel:197434): garcon-CRITICAL **: 16:50:21.202: garcon_gtk_menu_get_desktop_actions_menu: assertion 'actions != NULL' failed

(xfce4-panel:197434): garcon-CRITICAL **: 16:50:21.203: garcon_menu_item_get_actions: assertion 'GARCON_IS_MENU_ITEM (item)' failed

(xfce4-panel:197434): garcon-CRITICAL **: 16:50:21.203: garcon_gtk_menu_get_desktop_actions_menu: assertion 'actions != NULL' failed

(wrapper-2.0:197439): libnotify-WARNING **: 16:50:21.262: Failed to connect to proxy

(wrapper-2.0:197439): Gtk-WARNING **: 16:50:21.274: Negative content width -1 (allocation 1, extents 1x1) while allocating gadget (node button, owner PulseaudioButton)
events.js:292
      throw er; // Unhandled 'error' event
      ^

Error: EBADF: bad file descriptor, read
Emitted 'error' event on ReadStream instance at:
    at internal/fs/streams.js:202:14
    at FSReqCallback.wrapper [as oncomplete] (fs.js:539:5) {
  errno: -9,
  code: 'EBADF',
  syscall: 'read'
}
